[19:53:06] [main/INFO] (FabricLoader/GameProvider) Loading Minecraft 1.19.2 with Fabric Loader 0.14.9
[19:53:06] [main/INFO] (FabricLoader) Loading 44 mods:
	- concrete-stairs 1.0.0
	- fabric-api 0.60.0+1.19.2
	- fabric-api-base 0.4.11+e62f51a390
	- fabric-api-lookup-api-v1 1.6.9+9ff28f4090
	- fabric-biome-api-v1 9.0.17+aeb40ebe90
	- fabric-blockrenderlayer-v1 1.1.20+aeb40ebe90
	- fabric-client-tags-api-v1 1.0.1+b35fea8390
	- fabric-command-api-v2 2.1.7+0c17ea9690
	- fabric-content-registries-v0 3.2.3+aeb40ebe90
	- fabric-convention-tags-v1 1.1.1+7cd20a1490
	- fabric-crash-report-info-v1 0.2.5+aeb40ebe90
	- fabric-data-generation-api-v1 5.1.8+a680b9b490
	- fabric-dimensions-v1 2.1.30+aeb40ebe90
	- fabric-entity-events-v1 1.4.18+9ff28f4090
	- fabric-events-interaction-v0 0.4.28+aeb40ebe90
	- fabric-game-rule-api-v1 1.0.21+aeb40ebe90
	- fabric-gametest-api-v1 1.0.35+e62f51a390
	- fabric-item-api-v1 1.5.7+35a03c4390
	- fabric-item-groups-v0 0.3.28+aeb40ebe90
	- fabric-key-binding-api-v1 1.0.20+aeb40ebe90
	- fabric-lifecycle-events-v1 2.1.2+aeb40ebe90
	- fabric-loot-api-v2 1.1.3+83a8659290
	- fabric-message-api-v1 5.0.3+176380a290
	- fabric-mining-level-api-v1 2.1.14+33fbc73890
	- fabric-models-v0 0.3.17+aeb40ebe90
	- fabric-networking-api-v1 1.2.4+5eb68ef290
	- fabric-object-builder-api-v1 4.0.11+aeb40ebe90
	- fabric-particles-v1 1.0.10+aeb40ebe90
	- fabric-registry-sync-v0 0.9.24+aeb40ebe90
	- fabric-renderer-api-v1 1.0.10+aeb40ebe90
	- fabric-renderer-indigo 0.6.12+aeb40ebe90
	- fabric-rendering-data-attachment-v1 0.3.14+aeb40ebe90
	- fabric-rendering-fluids-v1 3.0.7+aeb40ebe90
	- fabric-rendering-v1 1.10.16+aeb40ebe90
	- fabric-resource-conditions-api-v1 2.0.11+e62f51a390
	- fabric-resource-loader-v0 0.6.1+aeb40ebe90
	- fabric-screen-api-v1 1.0.26+f05effaf90
	- fabric-screen-handler-api-v1 1.2.13+9ff28f4090
	- fabric-textures-v0 1.0.20+aeb40ebe90
	- fabric-transfer-api-v1 2.0.11+83a8659290
	- fabric-transitive-access-wideners-v1 1.3.0+42d99c3290
	- fabricloader 0.14.9
	- java 17
	- minecraft 1.19.2
[19:53:06] [main/INFO] (FabricLoader/Mixin) SpongePowered MIXIN Subsystem Version=0.8.5 Source=file:/C:/Users/gdece/.gradle/caches/modules-2/files-2.1/net.fabricmc/sponge-mixin/0.11.4+mixin.0.8.5/c1dc27696aa4006e492c2485c9ccbcb26045a971/sponge-mixin-0.11.4+mixin.0.8.5.jar Service=Knot/Fabric Env=CLIENT
[19:53:06] [main/INFO] (FabricLoader/Mixin) Loaded Fabric development mappings for mixin remapper!
[19:53:06] [main/INFO] (FabricLoader/Mixin) Compatibility level set to JAVA_16
[19:53:07] [main/WARN] (FileUtil) Configuration conflict: there is more than one oshi.properties file on the classpath
[19:53:07] [main/WARN] (FileUtil) Configuration conflict: there is more than one oshi.architecture.properties file on the classpath
[19:53:09] [main/INFO] (Minecraft) Building optimized datafixer
[19:53:13] [Render thread/INFO] (Minecraft) Environment: authHost='https://authserver.mojang.com', accountsHost='https://api.mojang.com', sessionHost='https://sessionserver.mojang.com', servicesHost='https://api.minecraftservices.com', name='PROD'
[19:53:14] [Render thread/ERROR] (fabric-screen-api-v1) Failed to verify authentication
com.mojang.authlib.exceptions.InvalidCredentialsException: Status: 401
	at com.mojang.authlib.exceptions.MinecraftClientHttpException.toAuthenticationException(MinecraftClientHttpException.java:56) ~[authlib-3.11.49.jar:?]
	at com.mojang.authlib.yggdrasil.YggdrasilUserApiService.fetchProperties(YggdrasilUserApiService.java:155) ~[authlib-3.11.49.jar:?]
	at com.mojang.authlib.yggdrasil.YggdrasilUserApiService.<init>(YggdrasilUserApiService.java:55) ~[authlib-3.11.49.jar:?]
	at com.mojang.authlib.yggdrasil.YggdrasilAuthenticationService.createUserApiService(YggdrasilAuthenticationService.java:161) ~[authlib-3.11.49.jar:?]
	at net.minecraft.client.MinecraftClient.createUserApiService(MinecraftClient.java:701) [minecraft-project-@-merged-named.jar:?]
	at net.minecraft.client.MinecraftClient.<init>(MinecraftClient.java:503) [minecraft-project-@-merged-named.jar:?]
	at net.minecraft.client.main.Main.main(Main.java:185) [minecraft-project-@-merged-named.jar:?]
	at net.minecraft.client.main.Main.main(Main.java:56) [minecraft-project-@-merged-named.jar:?]
	at net.fabricmc.loader.impl.game.minecraft.MinecraftGameProvider.launch(MinecraftGameProvider.java:461) [fabric-loader-0.14.9.jar:?]
	at net.fabricmc.loader.impl.launch.knot.Knot.launch(Knot.java:74) [fabric-loader-0.14.9.jar:?]
	at net.fabricmc.loader.impl.launch.knot.KnotClient.main(KnotClient.java:23) [fabric-loader-0.14.9.jar:?]
	at net.fabricmc.devlaunchinjector.Main.main(Main.java:86) [dev-launch-injector-0.2.1+build.8.jar:?]
Caused by: com.mojang.authlib.exceptions.MinecraftClientHttpException: Status: 401
	at com.mojang.authlib.minecraft.client.MinecraftClient.readInputStream(MinecraftClient.java:85) ~[authlib-3.11.49.jar:?]
	at com.mojang.authlib.minecraft.client.MinecraftClient.get(MinecraftClient.java:48) ~[authlib-3.11.49.jar:?]
	at com.mojang.authlib.yggdrasil.YggdrasilUserApiService.fetchProperties(YggdrasilUserApiService.java:129) ~[authlib-3.11.49.jar:?]
	... 10 more
[19:53:14] [Render thread/INFO] (fabric-screen-api-v1) Setting user: Player537
[19:53:14] [Render thread/INFO] (Indigo) [Indigo] Registering Indigo renderer!
[19:53:15] [Render thread/INFO] (fabric-screen-api-v1) Backend library: LWJGL version 3.3.1 SNAPSHOT
[19:53:17] [Worker-Main-25/ERROR] (Minecraft) Failed to retrieve profile key pair
java.io.IOException: Could not retrieve profile key pair
	at net.minecraft.client.util.ProfileKeys.fetchKeyPair(ProfileKeys.java:181) ~[minecraft-project-@-merged-named.jar:?]
	at net.minecraft.client.util.ProfileKeys.method_44291(ProfileKeys.java:79) ~[minecraft-project-@-merged-named.jar:?]
	at java.util.concurrent.CompletableFuture$AsyncSupply.run(CompletableFuture.java:1768) [?:?]
	at java.util.concurrent.CompletableFuture$AsyncSupply.exec(CompletableFuture.java:1760) [?:?]
	at java.util.concurrent.ForkJoinTask.doExec(ForkJoinTask.java:373) [?:?]
	at java.util.concurrent.ForkJoinPool$WorkQueue.topLevelExec(ForkJoinPool.java:1182) [?:?]
	at java.util.concurrent.ForkJoinPool.scan(ForkJoinPool.java:1655) [?:?]
	at java.util.concurrent.ForkJoinPool.runWorker(ForkJoinPool.java:1622) [?:?]
	at java.util.concurrent.ForkJoinWorkerThread.run(ForkJoinWorkerThread.java:165) [?:?]
[19:53:17] [Render thread/INFO] (Minecraft) Narrator library for x64 successfully loaded
[19:53:17] [Render thread/INFO] (Minecraft) Reloading ResourceManager: Default, Fabric Mods (Fabric Particles (v1), Fabric Rendering Data Attachment (v1), Fabric API Base, Fabric Renderer - Indigo, Fabric Item API (v1), Fabric API Lookup API (v1), Fabric Client Tags, Fabric Item Groups (v0), Fabric Transfer API (v1), Fabric Data Generation API (v1), Fabric Resource Conditions API (v1), Fabric Game Rule API (v1), Fabric API, Fabric Models (v0), Fabric Command API (v2), Fabric Crash Report Info (v1), Fabric BlockRenderLayer Registration (v1), Fabric Key Binding API (v1), Fabric Renderer API (v1), Fabric Convention Tags, Fabric Game Test API (v1), Fabric Biome API (v1), Fabric Content Registries (v0), Fabric Loot API (v2), Fabric Resource Loader (v0), Fabric Events Interaction (v0), Fabric Mining Level API (v1), Fabric Transitive Access Wideners (v1), Fabric Object Builder API (v1), Fabric Entity Events (v1), Concrete Stairs, Fabric Screen Handler API (v1), Fabric Screen API (v1), Fabric Registry Sync (v0), Fabric Rendering Fluids (v1), Fabric Textures (v0), Fabric Message API (v1), Fabric Dimensions API (v1), Fabric Loader, Fabric Rendering (v1), Fabric Lifecycle Events (v1), Fabric Networking API (v1))
[19:53:18] [Realms Notification Availability checker #1/INFO] (Minecraft) Could not authorize you against Realms server: Invalid session id
[19:53:20] [Render thread/WARN] (Minecraft) Missing sound for event: minecraft:item.goat_horn.play
[19:53:20] [Render thread/WARN] (Minecraft) Missing sound for event: minecraft:entity.goat.screaming.horn_break
[19:53:20] [Render thread/INFO] (Minecraft) OpenAL initialized on device OpenAL Soft on Speakers (High Definition Audio Device)
[19:53:20] [Render thread/INFO] (Minecraft) Sound engine started
[19:53:21] [Render thread/INFO] (Minecraft) Created: 1024x1024x4 minecraft:textures/atlas/blocks.png-atlas
[19:53:21] [Render thread/INFO] (Minecraft) Created: 256x128x4 minecraft:textures/atlas/signs.png-atlas
[19:53:21] [Render thread/INFO] (Minecraft) Created: 1024x512x4 minecraft:textures/atlas/banner_patterns.png-atlas
[19:53:21] [Render thread/INFO] (Minecraft) Created: 1024x512x4 minecraft:textures/atlas/shield_patterns.png-atlas
[19:53:21] [Render thread/INFO] (Minecraft) Created: 256x256x4 minecraft:textures/atlas/chest.png-atlas
[19:53:21] [Render thread/INFO] (Minecraft) Created: 512x256x4 minecraft:textures/atlas/beds.png-atlas
[19:53:21] [Render thread/INFO] (Minecraft) Created: 512x256x4 minecraft:textures/atlas/shulker_boxes.png-atlas
[19:53:22] [Render thread/WARN] (Minecraft) Shader rendertype_entity_translucent_emissive could not find sampler named Sampler2 in the specified shader program.
[19:53:22] [Render thread/INFO] (Minecraft) Created: 512x256x0 minecraft:textures/atlas/particles.png-atlas
[19:53:22] [Render thread/INFO] (Minecraft) Created: 256x256x0 minecraft:textures/atlas/paintings.png-atlas
[19:53:22] [Render thread/INFO] (Minecraft) Created: 256x128x0 minecraft:textures/atlas/mob_effects.png-atlas
[19:53:23] [Worker-Bootstrap-13/INFO] (Minecraft) 4283 Datafixer optimizations took 13847 milliseconds
[19:53:27] [Render thread/INFO] (Minecraft) Loaded 7 recipes
[19:53:27] [Render thread/INFO] (Minecraft) Loaded 1179 advancements
[19:53:27] [Worker-Main-43/ERROR] (Minecraft) Failed to retrieve profile key pair
java.io.IOException: Could not retrieve profile key pair
	at net.minecraft.client.util.ProfileKeys.fetchKeyPair(ProfileKeys.java:181) ~[minecraft-project-@-merged-named.jar:?]
	at net.minecraft.client.util.ProfileKeys.method_44291(ProfileKeys.java:79) ~[minecraft-project-@-merged-named.jar:?]
	at java.util.concurrent.CompletableFuture$AsyncSupply.run(CompletableFuture.java:1768) [?:?]
	at java.util.concurrent.CompletableFuture$AsyncSupply.exec(CompletableFuture.java:1760) [?:?]
	at java.util.concurrent.ForkJoinTask.doExec(ForkJoinTask.java:373) [?:?]
	at java.util.concurrent.ForkJoinPool$WorkQueue.topLevelExec(ForkJoinPool.java:1182) [?:?]
	at java.util.concurrent.ForkJoinPool.scan(ForkJoinPool.java:1655) [?:?]
	at java.util.concurrent.ForkJoinPool.runWorker(ForkJoinPool.java:1622) [?:?]
	at java.util.concurrent.ForkJoinWorkerThread.run(ForkJoinWorkerThread.java:165) [?:?]
[19:53:28] [Render thread/INFO] (BiomeModificationImpl) Applied 0 biome modifications to 0 of 63 new biomes in 1.670 ms
[19:53:28] [Server thread/INFO] (Minecraft) Starting integrated minecraft server version 1.19.2
[19:53:28] [Server thread/INFO] (Minecraft) Generating keypair
[19:53:28] [Server thread/INFO] (Minecraft) Preparing start region for dimension minecraft:overworld
[19:53:29] [Render thread/INFO] (Minecraft) Preparing spawn area: 0%
[19:53:29] [Render thread/INFO] (Minecraft) Preparing spawn area: 0%
[19:53:29] [Render thread/INFO] (Minecraft) Preparing spawn area: 0%
[19:53:29] [Render thread/INFO] (Minecraft) Preparing spawn area: 0%
[19:53:30] [Render thread/INFO] (Minecraft) Preparing spawn area: 94%
[19:53:30] [Render thread/INFO] (Minecraft) Time elapsed: 2006 ms
[19:53:30] [Server thread/INFO] (Minecraft) Changing view distance to 12, from 10
[19:53:30] [Server thread/INFO] (Minecraft) Changing simulation distance to 12, from 0
[19:53:31] [Server thread/INFO] (Minecraft) Player537[local:E:68b422f2] logged in with entity id 171 at (-10.606816614670787, 75.66975488846879, -137.74032929043966)
[19:53:31] [Server thread/INFO] (Minecraft) Player537 joined the game
[19:53:31] [Server thread/INFO] (Minecraft) Player537 has made the advancement [Getting an Upgrade]
[19:53:31] [Server thread/INFO] (Minecraft) Player537 has made the advancement [Isn't It Iron Pick]
[19:53:32] [Render thread/INFO] (Minecraft) [System] [CHAT] Player537 has made the advancement [Getting an Upgrade]
[19:53:32] [Render thread/INFO] (Minecraft) [System] [CHAT] Player537 has made the advancement [Isn't It Iron Pick]
[19:53:32] [Render thread/INFO] (Minecraft) Loaded 28 advancements
[19:53:36] [Server thread/INFO] (Minecraft) Saving and pausing game...
[19:53:36] [Server thread/INFO] (Minecraft) Saving chunks for level 'ServerLevel[New World]'/minecraft:overworld
[19:53:36] [Server thread/INFO] (Minecraft) Saving chunks for level 'ServerLevel[New World]'/minecraft:the_end
[19:53:36] [Server thread/INFO] (Minecraft) Saving chunks for level 'ServerLevel[New World]'/minecraft:the_nether
[19:54:00] [Render thread/INFO] (Minecraft) Loaded 28 advancements
[19:55:16] [Server thread/INFO] (Minecraft) Saving and pausing game...
[19:55:16] [Server thread/INFO] (Minecraft) Saving chunks for level 'ServerLevel[New World]'/minecraft:overworld
[19:55:16] [Server thread/INFO] (Minecraft) Saving chunks for level 'ServerLevel[New World]'/minecraft:the_end
[19:55:16] [Server thread/INFO] (Minecraft) Saving chunks for level 'ServerLevel[New World]'/minecraft:the_nether
[19:55:17] [Server thread/INFO] (Minecraft) Player537 lost connection: Disconnected
[19:55:17] [Server thread/INFO] (Minecraft) Player537 left the game
[19:55:17] [Server thread/INFO] (Minecraft) Stopping singleplayer server as player logged out
[19:55:17] [Server thread/INFO] (Minecraft) Stopping server
[19:55:17] [Server thread/INFO] (Minecraft) Saving players
[19:55:17] [Server thread/INFO] (Minecraft) Saving worlds
[19:55:17] [Server thread/INFO] (Minecraft) Saving chunks for level 'ServerLevel[New World]'/minecraft:overworld
[19:55:17] [Server thread/INFO] (Minecraft) Saving chunks for level 'ServerLevel[New World]'/minecraft:the_end
[19:55:17] [Server thread/INFO] (Minecraft) Saving chunks for level 'ServerLevel[New World]'/minecraft:the_nether
[19:55:17] [Server thread/INFO] (Minecraft) ThreadedAnvilChunkStorage (New World (1)): All chunks are saved
[19:55:17] [Server thread/INFO] (Minecraft) ThreadedAnvilChunkStorage (DIM1): All chunks are saved
[19:55:17] [Server thread/INFO] (Minecraft) ThreadedAnvilChunkStorage (DIM-1): All chunks are saved
[19:55:17] [Server thread/INFO] (Minecraft) ThreadedAnvilChunkStorage: All dimensions are saved
[19:55:20] [Render thread/INFO] (fabric-screen-api-v1) Stopping!
